<?xml version="1.0" encoding="UTF-8"?>
<testsuite xmlns:xsi="http://www.w3.org/2001/XMLSchema-instance" xsi:noNamespaceSchemaLocation="https://maven.apache.org/surefire/maven-surefire-plugin/xsd/surefire-test-report-3.0.xsd" version="3.0" name="com.univer.courses.StudentsApplicationTests" time="8.968" tests="1" errors="0" skipped="0" failures="0">
  <properties>
[...]
</properties>
  <testcase name="contextLoads" classname="com.univer.courses.StudentsApplicationTests" time="1.222">
    <system-out><![CDATA[21:25:20.877 [main] INFO org.springframework.test.context.support.AnnotationConfigContextLoaderUtils -- Could not detect default configuration classes for test class [com.univer.courses.StudentsApplicationTests]: StudentsApplicationTests does not declare any static, non-private, non-final, nested classes annotated with @Configuration.
21:25:21.118 [main] INFO org.springframework.boot.test.context.SpringBootTestContextBootstrapper -- Found @SpringBootConfiguration com.univer.courses.CoursesApplication for test class com.univer.courses.StudentsApplicationTests

  .   ____          _            __ _ _
 /\\ / ___'_ __ _ _(_)_ __  __ _ \ \ \ \
( ( )\___ | '_ | '_| | '_ \/ _` | \ \ \ \
 \\/  ___)| |_)| | | | | || (_| |  ) ) ) )
  '  |____| .__|_| |_|_| |_\__, | / / / /
 =========|_|==============|___/=/_/_/_/
 :: Spring Boot ::                (v3.2.5)

2024-05-25T21:25:22.167-06:00  INFO 17139 --- [students] [           main] c.u.courses.StudentsApplicationTests     : Starting StudentsApplicationTests using Java 21.0.3 with PID 17139 (started by ismael in /home/ismael/VLISC901-courses)
2024-05-25T21:25:22.169-06:00  INFO 17139 --- [students] [           main] c.u.courses.StudentsApplicationTests     : No active profile set, falling back to 1 default profile: "default"
2024-05-25T21:25:24.082-06:00  INFO 17139 --- [students] [           main] .s.d.r.c.RepositoryConfigurationDelegate : Bootstrapping Spring Data JPA repositories in DEFAULT mode.
2024-05-25T21:25:24.118-06:00  INFO 17139 --- [students] [           main] .s.d.r.c.RepositoryConfigurationDelegate : Finished Spring Data repository scanning in 19 ms. Found 0 JPA repository interfaces.
2024-05-25T21:25:24.971-06:00  INFO 17139 --- [students] [           main] com.zaxxer.hikari.HikariDataSource       : HikariPool-1 - Starting...
2024-05-25T21:25:25.373-06:00  INFO 17139 --- [students] [           main] com.zaxxer.hikari.pool.HikariPool        : HikariPool-1 - Added connection conn0: url=jdbc:h2:mem:0329c383-4335-479d-a0ef-aa78922e4f44 user=SA
2024-05-25T21:25:25.376-06:00  INFO 17139 --- [students] [           main] com.zaxxer.hikari.HikariDataSource       : HikariPool-1 - Start completed.
2024-05-25T21:25:25.497-06:00  INFO 17139 --- [students] [           main] o.hibernate.jpa.internal.util.LogHelper  : HHH000204: Processing PersistenceUnitInfo [name: default]
2024-05-25T21:25:25.701-06:00  INFO 17139 --- [students] [           main] org.hibernate.Version                    : HHH000412: Hibernate ORM core version 6.4.4.Final
2024-05-25T21:25:25.793-06:00  INFO 17139 --- [students] [           main] o.h.c.internal.RegionFactoryInitiator    : HHH000026: Second-level cache disabled
2024-05-25T21:25:26.258-06:00  INFO 17139 --- [students] [           main] o.s.o.j.p.SpringPersistenceUnitInfo      : No LoadTimeWeaver setup: ignoring JPA class transformer
2024-05-25T21:25:27.022-06:00  INFO 17139 --- [students] [           main] o.h.e.t.j.p.i.JtaPlatformInitiator       : HHH000489: No JTA platform available (set 'hibernate.transaction.jta.platform' to enable JTA platform integration)
2024-05-25T21:25:27.039-06:00  INFO 17139 --- [students] [           main] j.LocalContainerEntityManagerFactoryBean : Initialized JPA EntityManagerFactory for persistence unit 'default'
2024-05-25T21:25:27.380-06:00  WARN 17139 --- [students] [           main] JpaBaseConfiguration$JpaWebConfiguration : spring.jpa.open-in-view is enabled by default. Therefore, database queries may be performed during view rendering. Explicitly configure spring.jpa.open-in-view to disable this warning
2024-05-25T21:25:28.076-06:00  INFO 17139 --- [students] [           main] c.u.courses.StudentsApplicationTests     : Started StudentsApplicationTests in 6.615 seconds (process running for 8.713)
]]></system-out>
    <system-err><![CDATA[WARNING: A Java agent has been loaded dynamically (/home/ismael/.m2/repository/net/bytebuddy/byte-buddy-agent/1.14.13/byte-buddy-agent-1.14.13.jar)
WARNING: If a serviceability tool is in use, please run with -XX:+EnableDynamicAgentLoading to hide this warning
WARNING: If a serviceability tool is not in use, please run with -Djdk.instrument.traceUsage for more information
WARNING: Dynamic loading of agents will be disallowed by default in a future release
]]></system-err>
  </testcase>
</testsuite>